build/app/intermediates/manifest_merge_blame_file/debug/manifest-merger-blame-debug-report.txt
1<?xml version="1.0" encoding="utf-8"?>
2<manifest xmlns:android="http://schemas.android.com/apk/res/android"
3    package="com.hk.status_saver"
4    android:versionCode="11"
5    android:versionName="1.1.0" >
6
7    <uses-sdk
8        android:minSdkVersion="21"
9        android:targetSdkVersion="31" />
10    <!--
11         Flutter needs it to communicate with the running application
12         to allow setting breakpoints, to provide hot reload, etc.
13    -->
14    <uses-permission android:name="android.permission.INTERNET" />
14-->src/main/AndroidManifest.xml:5:6-67
14-->src/main/AndroidManifest.xml:5:23-65
15    <uses-permission android:name="android.permission.MANAGE_EXTERNAL_STORAGE" />
15-->src/main/AndroidManifest.xml:4:3-79
15-->src/main/AndroidManifest.xml:4:20-77
16    <uses-permission android:name="android.permission.WRITE_EXTERNAL_STORAGE" />
16-->src/main/AndroidManifest.xml:6:5-80
16-->src/main/AndroidManifest.xml:6:22-78
17    <uses-permission android:name="android.permission.READ_EXTERNAL_STORAGE" />
17-->src/main/AndroidManifest.xml:7:5-79
17-->src/main/AndroidManifest.xml:7:22-77
18    <uses-permission android:name="android.permission.ACCESS_NETWORK_STATE" />
18-->[com.google.android.exoplayer:exoplayer-core:2.17.0] AndroidManifest.xml:24:5-79
18-->[com.google.android.exoplayer:exoplayer-core:2.17.0] AndroidManifest.xml:24:22-76
19
20    <application
21        android:name="android.app.Application"
22        android:appComponentFactory="androidx.core.app.CoreComponentFactory"
22-->[androidx.core:core:1.7.0] AndroidManifest.xml:24:18-86
23        android:debuggable="true"
24        android:icon="@mipmap/launcher_icon"
25        android:label="HK Status Saver"
26        android:requestLegacyExternalStorage="true" >
27        <activity
28            android:name="com.hk.status_saver.MainActivity"
29            android:configChanges="orientation|keyboardHidden|keyboard|screenSize|smallestScreenSize|locale|layoutDirection|fontScale|screenLayout|density|uiMode"
30            android:exported="true"
31            android:hardwareAccelerated="true"
32            android:launchMode="singleTop"
33            android:theme="@style/LaunchTheme"
34            android:windowSoftInputMode="adjustResize" >
35
36            <!--
37                 Specifies an Android theme to apply to this Activity as soon as
38                 the Android process has started. This theme is visible to the user
39                 while the Flutter UI initializes. After that, this theme continues
40                 to determine the Window background behind the Flutter UI.
41            -->
42            <meta-data
43                android:name="io.flutter.embedding.android.NormalTheme"
44                android:resource="@style/NormalTheme" />
45
46            <intent-filter>
47                <action android:name="android.intent.action.MAIN" />
48
49                <category android:name="android.intent.category.LAUNCHER" />
50            </intent-filter>
51        </activity>
52        <!--
53             Don't delete the meta-data below.
54             This is used by the Flutter tool to generate GeneratedPluginRegistrant.java
55        -->
56        <meta-data
57            android:name="flutterEmbedding"
58            android:value="2" />
59
60        <activity
60-->[:url_launcher_android] AndroidManifest.xml:8:9-11:74
61            android:name="io.flutter.plugins.urllauncher.WebViewActivity"
61-->[:url_launcher_android] AndroidManifest.xml:9:13-74
62            android:exported="false"
62-->[:url_launcher_android] AndroidManifest.xml:10:13-37
63            android:theme="@android:style/Theme.NoTitleBar.Fullscreen" />
63-->[:url_launcher_android] AndroidManifest.xml:11:13-71
64
65        <provider
65-->[:share_plus] AndroidManifest.xml:8:9-16:20
66            android:name="dev.fluttercommunity.plus.share.ShareFileProvider"
66-->[:share_plus] AndroidManifest.xml:9:13-77
67            android:authorities="com.hk.status_saver.flutter.share_provider"
67-->[:share_plus] AndroidManifest.xml:10:13-74
68            android:exported="false"
68-->[:share_plus] AndroidManifest.xml:11:13-37
69            android:grantUriPermissions="true" >
69-->[:share_plus] AndroidManifest.xml:12:13-47
70            <meta-data
70-->[:share_plus] AndroidManifest.xml:13:13-15:68
71                android:name="android.support.FILE_PROVIDER_PATHS"
71-->[:share_plus] AndroidManifest.xml:14:17-67
72                android:resource="@xml/flutter_share_file_paths" />
72-->[:share_plus] AndroidManifest.xml:15:17-65
73        </provider>
74
75        <uses-library
75-->[androidx.window:window:1.0.0-beta04] AndroidManifest.xml:25:9-27:40
76            android:name="androidx.window.extensions"
76-->[androidx.window:window:1.0.0-beta04] AndroidManifest.xml:26:13-54
77            android:required="false" />
77-->[androidx.window:window:1.0.0-beta04] AndroidManifest.xml:27:13-37
78        <uses-library
78-->[androidx.window:window:1.0.0-beta04] AndroidManifest.xml:28:9-30:40
79            android:name="androidx.window.sidecar"
79-->[androidx.window:window:1.0.0-beta04] AndroidManifest.xml:29:13-51
80            android:required="false" />
80-->[androidx.window:window:1.0.0-beta04] AndroidManifest.xml:30:13-37
81    </application>
82
83</manifest>